<?xml version="1.0" encoding="UTF-8"?>
<!-- Generated by org.testng.reporters.JUnitReportReporter -->
<testsuite hostname="GayatriNayak" failures="0" tests="2" name="rahulshettyacademy.tests.ErrorValidationsTest" time="10.611" errors="0" timestamp="27 Feb 2024 06:22:21 GMT" skipped="0">
  <testcase classname="rahulshettyacademy.tests.ErrorValidationsTest" name="ProductErrorValidation" time="6.528"/>
  <testcase classname="rahulshettyacademy.tests.ErrorValidationsTest" name="LoginErrorValidation" time="4.083"/>
</testsuite> <!-- rahulshettyacademy.tests.ErrorValidationsTest -->
