<?xml version="1.0" encoding="UTF-8"?>
<!-- Generated by org.testng.reporters.JUnitReportReporter -->
<testsuite hostname="GayatriNayak" failures="0" tests="1" name="cucumber.TestNGTestRunner" time="6.693" errors="0" timestamp="25 Feb 2024 18:31:11 GMT" skipped="0">
  <testcase classname="cucumber.TestNGTestRunner" name="runScenario" time="6.693"/>
</testsuite> <!-- cucumber.TestNGTestRunner -->
